<?xml version="1.0" encoding="UTF-8"?>
<testsuite name="holefill.ImageProcessTest" tests="6" skipped="0" failures="0" errors="0" timestamp="2019-04-06T12:38:49" hostname="Ofirs-MacBook-Pro-6.local" time="0.01">
  <properties/>
  <testcase name="preprocess" classname="holefill.ImageProcessTest" time="0.003"/>
  <testcase name="findBoundaryPyramidTest" classname="holefill.ImageProcessTest" time="0.001"/>
  <testcase name="findBoundarySinglePixelTest" classname="holefill.ImageProcessTest" time="0.001"/>
  <testcase name="findBoundaryLineTest" classname="holefill.ImageProcessTest" time="0.001"/>
  <testcase name="findBoundaryDiagonalTest" classname="holefill.ImageProcessTest" time="0.002"/>
  <testcase name="findBoundaryRandomHoleTestExtended" classname="holefill.ImageProcessTest" time="0.001"/>
  <system-out><![CDATA[]]></system-out>
  <system-err><![CDATA[]]></system-err>
</testsuite>
